[2016.03.14-12.56.37:593][  0]Log file open, 03/14/16 09:56:37
[2016.03.14-12.56.37:593][  0]LogInit:Display: Running engine for game: MyProject3
[2016.03.14-12.56.37:593][  0]LogPlatformFile: Not using cached read wrapper
[2016.03.14-12.56.37:593][  0]LogInit:Display: RandInit(-735566609) SRandInit(-735566604).
[2016.03.14-12.56.37:593][  0]LogTaskGraph: Started task graph with 4 named threads and 7 total threads.
[2016.03.14-12.56.37:593][  0]LogStats: Stats thread started at 0.075712
[2016.03.14-12.56.37:593][  0]LogInit: Version: 4.10.4-2872498+++depot+UE4-Releases+4.10
[2016.03.14-12.56.37:593][  0]LogInit: API Version: 2758231
[2016.03.14-12.56.37:593][  0]LogInit: Compiled (64-bit): Feb 18 2016 15:47:04
[2016.03.14-12.56.37:593][  0]LogInit: Compiled with Visual C++: 19.00.23026.00
[2016.03.14-12.56.37:593][  0]LogInit: Build Configuration: Development
[2016.03.14-12.56.37:593][  0]LogInit: Branch Name: ++depot+UE4-Releases+4.10
[2016.03.14-12.56.37:593][  0]LogInit: Command line:  /Temp/Autosaves/Game/A_RTS/Map/UEDPCLevel1 -game -PIEVIACONSOLE -ResX=1280 -ResY=720  -Multiprocess 
[2016.03.14-12.56.37:593][  0]LogInit: Base directory: E:/Program Files (x86)/Epic Games/4.10/Engine/Binaries/Win64/
[2016.03.14-12.56.37:593][  0]LogInit: Rocket: 1
[2016.03.14-12.56.37:598][  0]LogInit: Using libcurl 7.41.0
[2016.03.14-12.56.37:598][  0]LogInit:  - built for x86_64-pc-win32
[2016.03.14-12.56.37:598][  0]LogInit:  - supports SSL with WinSSL
[2016.03.14-12.56.37:598][  0]LogInit:  - other features:
[2016.03.14-12.56.37:598][  0]LogInit:      CURL_VERSION_SSL
[2016.03.14-12.56.37:598][  0]LogInit:      CURL_VERSION_IPV6
[2016.03.14-12.56.37:598][  0]LogInit:      CURL_VERSION_ASYNCHDNS
[2016.03.14-12.56.37:598][  0]LogInit:      CURL_VERSION_LARGEFILE
[2016.03.14-12.56.37:598][  0]LogInit:      CURL_VERSION_IDN
[2016.03.14-12.56.37:598][  0]LogInit:  CurlRequestOptions (configurable via config and command line):
[2016.03.14-12.56.37:598][  0]LogInit:  - bVerifyPeer = true  - Libcurl will verify peer certificate
[2016.03.14-12.56.37:598][  0]LogInit:  - bUseHttpProxy = false  - Libcurl will NOT use HTTP proxy
[2016.03.14-12.56.37:598][  0]LogInit:  - bDontReuseConnections = false  - Libcurl will reuse connections
[2016.03.14-12.56.37:598][  0]LogInit:  - CertBundlePath = nullptr  - Libcurl will use whatever was configured at build time.
[2016.03.14-12.56.37:604][  0]LogInit: Presizing for 0 objects not considered by GC, pre-allocating 0 bytes.
[2016.03.14-12.56.37:610][  0]LogInit: Object subsystem initialized
[2016.03.14-12.56.37:611][  0]LogInit: Selected Device Profile: [Windows]
[2016.03.14-12.56.37:611][  0]LogInit: Applying CVar settings loaded from the selected device profile: [Windows]
[2016.03.14-12.56.37:614][  0]LogInit: Computer: DESEN05
[2016.03.14-12.56.37:614][  0]LogInit: User: Efraim
[2016.03.14-12.56.37:614][  0]LogInit: CPU Page size=4096, Cores=4
[2016.03.14-12.56.37:614][  0]LogInit: High frequency timer resolution =3.117778 MHz
[2016.03.14-12.56.37:614][  0]LogMemory: Memory total: Physical=7.9GB (8GB approx)
[2016.03.14-12.56.37:614][  0]LogMemory: Platform Memory Stats for Windows
[2016.03.14-12.56.37:614][  0]LogMemory: Process Physical Memory: 55.88 MB used, 55.88 MB peak
[2016.03.14-12.56.37:614][  0]LogMemory: Process Virtual Memory: 58.78 MB used, 58.78 MB peak
[2016.03.14-12.56.37:614][  0]LogMemory: Physical Memory: 4873.46 MB used, 8063.97 MB total
[2016.03.14-12.56.37:614][  0]LogMemory: Virtual Memory: 385.50 MB used, 134217728.00 MB total
[2016.03.14-12.56.38:081][  0]LogD3D11RHI: Found D3D11 adapter 0: Intel(R) HD Graphics 4600 (Feature Level 11_0)
[2016.03.14-12.56.38:081][  0]LogD3D11RHI: Adapter has 112MB of dedicated video memory, 0MB of dedicated system memory, and 4031MB of shared system memory, 2 output[s]
[2016.03.14-12.56.38:083][  0]LogD3D11RHI: Found D3D11 adapter 1: Microsoft Basic Render Driver (Feature Level 11_0)
[2016.03.14-12.56.38:083][  0]LogD3D11RHI: Adapter has 0MB of dedicated video memory, 0MB of dedicated system memory, and 4031MB of shared system memory, 0 output[s]
[2016.03.14-12.56.38:083][  0]LogD3D11RHI: Chosen D3D11 Adapter Id = 0
[2016.03.14-12.56.38:087][  0]LogD3D11RHI: !Direct3DDevice
[2016.03.14-12.56.38:087][  0]LogRHI: Texture pool is 1361 MB (70% of 1945 MB)
[2016.03.14-12.56.38:091][  0]LogD3D11RHI: Async texture creation enabled
[2016.03.14-12.56.38:094][  0]LogShaderCompilers: Guid format shader working directory is -6 characters bigger than the processId version (C:/Users/Efraim/Documents/Unreal Projects/MyProject3/Intermediate/Shaders/WorkingDirectory/11332/).
[2016.03.14-12.56.38:094][  0]LogShaderCompilers: Cleaned the shader compiler working directory 'C:/Users/Efraim/AppData/Local/Temp/UnrealShaderWorkingDir/B0BBCA8E46FDECBAC48C9F9478DADBC5/'.
[2016.03.14-12.56.38:094][  0]LogShaderCompilers:Display: Using Local Shader Compiler.
[2016.03.14-12.56.38:769][  0]LogTemp:Display: Loaded TP AllDesktopTargetPlatform
[2016.03.14-12.56.38:772][  0]LogTemp:Display: Loaded TP WindowsClientTargetPlatform
[2016.03.14-12.56.38:775][  0]LogTemp:Display: Loaded TP WindowsNoEditorTargetPlatform
[2016.03.14-12.56.38:778][  0]LogTemp:Display: Loaded TP WindowsServerTargetPlatform
[2016.03.14-12.56.38:782][  0]LogTemp:Display: Loaded TP WindowsTargetPlatform
[2016.03.14-12.56.38:784][  0]LogTemp:Display: Loaded TP AndroidTargetPlatform
[2016.03.14-12.56.38:786][  0]LogTemp:Display: Loaded TP Android_ASTCTargetPlatform
[2016.03.14-12.56.38:788][  0]LogTemp:Display: Loaded TP Android_ATCTargetPlatform
[2016.03.14-12.56.38:791][  0]LogTemp:Display: Loaded TP Android_DXTTargetPlatform
[2016.03.14-12.56.38:793][  0]LogTemp:Display: Loaded TP Android_ETC1TargetPlatform
[2016.03.14-12.56.38:796][  0]LogTemp:Display: Loaded TP Android_ETC2TargetPlatform
[2016.03.14-12.56.38:801][  0]LogTemp:Display: Loaded TP Android_MultiTargetPlatform
[2016.03.14-12.56.38:801][  0]LogTemp:Display: Loaded TP Android_PVRTCTargetPlatform
[2016.03.14-12.56.38:801][  0]LogTemp:Display: Loaded TP HTML5TargetPlatform
[2016.03.14-12.56.38:816][  0]LogTemp:Display: Loaded TP IOSTargetPlatform
[2016.03.14-12.56.38:819][  0]LogTemp:Display: Loaded TP LinuxNoEditorTargetPlatform
[2016.03.14-12.56.38:821][  0]LogTemp:Display: Loaded TP LinuxServerTargetPlatform
[2016.03.14-12.56.38:824][  0]LogTemp:Display: Loaded TP LinuxTargetPlatform
[2016.03.14-12.56.38:824][  0]LogTargetPlatformManager:Display: Building Assets For Windows
[2016.03.14-12.56.38:877][  0]LogDerivedDataCache:Display: Max Cache Size: 512 MB
[2016.03.14-12.56.38:922][  0]LogDerivedDataCache: Loaded boot cache 0.05s 41MB C:/Users/Efraim/AppData/Local/UnrealEngine/4.10/DerivedDataCache/Boot.ddc.
[2016.03.14-12.56.38:922][  0]LogDerivedDataCache:Display: Loaded Boot cache: C:/Users/Efraim/AppData/Local/UnrealEngine/4.10/DerivedDataCache/Boot.ddc
[2016.03.14-12.56.38:922][  0]LogDerivedDataCache: FDerivedDataBackendGraph:  Pak pak cache file C:/Users/Efraim/Documents/Unreal Projects/MyProject3/DerivedDataCache/DDC.ddp not found, will not use a pak cache.
[2016.03.14-12.56.38:922][  0]LogDerivedDataCache: Unable to find inner node Pak for hierarchical cache Hierarchy.
[2016.03.14-12.56.38:922][  0]LogDerivedDataCache: FDerivedDataBackendGraph:  CompressedPak pak cache file C:/Users/Efraim/Documents/Unreal Projects/MyProject3/DerivedDataCache/Compressed.ddp not found, will not use a pak cache.
[2016.03.14-12.56.38:922][  0]LogDerivedDataCache: Unable to find inner node CompressedPak for hierarchical cache Hierarchy.
[2016.03.14-12.56.38:978][  0]LogDerivedDataCache:Display: Pak cache opened for reading ../../../Engine/DerivedDataCache/Compressed.ddp.
[2016.03.14-12.56.38:990][  0]LogDerivedDataCache: Using Local data cache path C:/Users/Efraim/AppData/Local/UnrealEngine/Common/DerivedDataCache: Writable
[2016.03.14-12.56.39:140][  0]LogInit: Selected Device Profile: [Windows]
[2016.03.14-12.56.39:142][  0]LogContentStreaming: Texture pool size is 1000.000000MB
[2016.03.14-12.56.39:227][  0]LogMeshUtilities: No automatic mesh reduction module available
[2016.03.14-12