[2016.03.11-15.48.11:129][  0]Log file open, 03/11/16 12:48:11
[2016.03.11-15.48.11:129][  0]LogInit:Display: Running engine for game: MyProject3
[2016.03.11-15.48.11:129][  0]LogPlatformFile: Not using cached read wrapper
[2016.03.11-15.48.11:129][  0]LogInit:Display: RandInit(-998789213) SRandInit(-998789212).
[2016.03.11-15.48.11:129][  0]LogTaskGraph: Started task graph with 4 named threads and 7 total threads.
[2016.03.11-15.48.11:129][  0]LogStats: Stats thread started at 0.073156
[2016.03.11-15.48.11:129][  0]LogInit: Version: 4.10.4-2872498+++depot+UE4-Releases+4.10
[2016.03.11-15.48.11:129][  0]LogInit: API Version: 2758231
[2016.03.11-15.48.11:129][  0]LogInit: Compiled (64-bit): Feb 18 2016 15:47:04
[2016.03.11-15.48.11:129][  0]LogInit: Compiled with Visual C++: 19.00.23026.00
[2016.03.11-15.48.11:129][  0]LogInit: Build Configuration: Development
[2016.03.11-15.48.11:129][  0]LogInit: Branch Name: ++depot+UE4-Releases+4.10
[2016.03.11-15.48.11:129][  0]LogInit: Command line: -EpicPortal 
[2016.03.11-15.48.11:129][  0]LogInit: Base directory: E:/Program Files (x86)/Epic Games/4.10/Engine/Binaries/Win64/
[2016.03.11-15.48.11:129][  0]LogInit: Rocket: 1
[2016.03.11-15.48.11:134][  0]LogInit: Using libcurl 7.41.0
[2016.03.11-15.48.11:134][  0]LogInit:  - built for x86_64-pc-win32
[2016.03.11-15.48.11:134][  0]LogInit:  - supports SSL with WinSSL
[2016.03.11-15.48.11:134][  0]LogInit:  - other features:
[2016.03.11-15.48.11:134][  0]LogInit:      CURL_VERSION_SSL
[2016.03.11-15.48.11:134][  0]LogInit:      CURL_VERSION_IPV6
[2016.03.11-15.48.11:134][  0]LogInit:      CURL_VERSION_ASYNCHDNS
[2016.03.11-15.48.11:134][  0]LogInit:      CURL_VERSION_LARGEFILE
[2016.03.11-15.48.11:134][  0]LogInit:      CURL_VERSION_IDN
[2016.03.11-15.48.11:134][  0]LogInit:  CurlRequestOptions (configurable via config and command line):
[2016.03.11-15.48.11:134][  0]LogInit:  - bVerifyPeer = true  - Libcurl will verify peer certificate
[2016.03.11-15.48.11:134][  0]LogInit:  - bUseHttpProxy = false  - Libcurl will NOT use HTTP proxy
[2016.03.11-15.48.11:134][  0]LogInit:  - bDontReuseConnections = false  - Libcurl will reuse connections
[2016.03.11-15.48.11:134][  0]LogInit:  - CertBundlePath = nullptr  - Libcurl will use whatever was configured at build time.
[2016.03.11-15.48.11:139][  0]LogInit: Presizing for 0 objects not considered by GC, pre-allocating 0 bytes.
[2016.03.11-15.48.11:144][  0]LogInit: Object subsystem initialized
[2016.03.11-15.48.11:145][  0]LogInit: Selected Device Profile: [Windows]
[2016.03.11-15.48.11:145][  0]LogInit: Applying CVar settings loaded from the selected device profile: [Windows]
[2016.03.11-15.48.11:151][  0]LogInit: Computer: DESEN05
[2016.03.11-15.48.11:151][  0]LogInit: User: Efraim
[2016.03.11-15.48.11:151][  0]LogInit: CPU Page size=4096, Cores=4
[2016.03.11-15.48.11:151][  0]LogInit: High frequency timer resolution =3.117781 MHz
[2016.03.11-15.48.11:151][  0]LogMemory: Memory total: Physical=7.9GB (8GB approx)
[2016.03.11-15.48.11:151][  0]LogMemory: Platform Memory Stats for Windows
[2016.03.11-15.48.11:151][  0]LogMemory: Process Physical Memory: 56.08 MB used, 56.08 MB peak
[2016.03.11-15.48.11:151][  0]LogMemory: Process Virtual Memory: 58.76 MB used, 58.76 MB peak
[2016.03.11-15.48.11:151][  0]LogMemory: Physical Memory: 5879.78 MB used, 8063.97 MB total
[2016.03.11-15.48.11:151][  0]LogMemory: Virtual Memory: 385.50 MB used, 134217728.00 MB total
[2016.03.11-15.48.11:608][  0]LogD3D11RHI: Found D3D11 adapter 0: Intel(R) HD Graphics 4600 (Feature Level 11_0)
[2016.03.11-15.48.11:608][  0]LogD3D11RHI: Adapter has 112MB of dedicated video memory, 0MB of dedicated system memory, and 4031MB of shared system memory, 2 output[s]
[2016.03.11-15.48.11:610][  0]LogD3D11RHI: Found D3D11 adapter 1: Microsoft Basic Render Driver (Feature Level 11_0)
[2016.03.11-15.48.11:610][  0]LogD3D11RHI: Adapter has 0MB of dedicated video memory, 0MB of dedicated system memory, and 4031MB of shared system memory, 0 output[s]
[2016.03.11-15.48.11:610][  0]LogD3D11RHI: Chosen D3D11 Adapter Id = 0
[2016.03.11-15.48.11:614][  0]LogD3D11RHI: !Direct3DDevice
[2016.03.11-15.48.11:614][  0]LogRHI: Texture pool is 1361 MB (70% of 1945 MB)
[2016.03.11-15.48.11:618][  0]LogD3D11RHI: Async texture creation enabled
[2016.03.11-15.48.11:621][  0]LogShaderCompilers: Guid format shader working directory is -5 characters bigger than the processId version (C:/Users/Efraim/Documents/Unreal Projects/MyProject3/Intermediate/Shaders/WorkingDirectory/8896/).
[2016.03.11-15.48.11:621][  0]LogShaderCompilers: Cleaned the shader compiler working directory 'C:/Users/Efraim/AppData/Local/Temp/UnrealShaderWorkingDir/F1AB04F44BAB0CEAEAB22DA90BBA3CD9/'.
[2016.03.11-15.48.11:621][  0]LogShaderCompilers:Display: Using Local Shader Compiler.
[2016.03.11-15.48.12:313][  0]LogTemp:Display: Loaded TP AllDesktopTargetPlatform
[2016.03.11-15.48.12:316][  0]LogTemp:Display: Loaded TP WindowsClientTargetPlatform
[2016.03.11-15.48.12:319][  0]LogTemp:Display: Loaded TP WindowsNoEditorTargetPlatform
[2016.03.11-15.48.12:323][  0]LogTemp:Display: Loaded TP WindowsServerTargetPlatform
[2016.03.11-15.48.12:327][  0]LogTemp:Display: Loaded TP WindowsTargetPlatform
[2016.03.11-15.48.12:329][  0]LogTemp:Display: Loaded TP AndroidTargetPlatform
[2016.03.11-15.48.12:332][  0]LogTemp:Display: Loaded TP Android_ASTCTargetPlatform
[2016.03.11-15.48.12:335][  0]LogTemp:Display: Loaded TP Android_ATCTargetPlatform
[2016.03.11-15.48.12:338][  0]LogTemp:Display: Loaded TP Android_DXTTargetPlatform
[2016.03.11-15.48.12:341][  0]LogTemp:Display: Loaded TP Android_ETC1TargetPlatform
[2016.03.11-15.48.12:344][  0]LogTemp:Display: Loaded TP Android_ETC2TargetPlatform
[2016.03.11-15.48.12:350][  0]LogTemp:Display: Loaded TP Android_MultiTargetPlatform
[2016.03.11-15.48.12:350][  0]LogTemp:Display: Loaded TP Android_PVRTCTargetPlatform
[2016.03.11-15.48.12:351][  0]LogTemp:Display: Loaded TP HTML5TargetPlatform
[2016.03.11-15.48.12:368][  0]LogTemp:Display: Loaded TP IOSTargetPlatform
[2016.03.11-15.48.12:370][  0]LogTemp:Display: Loaded TP LinuxNoEditorTargetPlatform
[2016.03.11-15.48.12:373][  0]LogTemp:Display: Loaded TP LinuxServerTargetPlatform
[2016.03.11-15.48.12:376][  0]LogTemp:Display: Loaded TP LinuxTargetPlatform
[2016.03.11-15.48.12:376][  0]LogTargetPlatformManager:Display: Building Assets For Windows
[2016.03.11-15.48.12:431][  0]LogDerivedDataCache:Display: Max Cache Size: 512 MB
[2016.03.11-15.48.12:476][  0]LogDerivedDataCache: Loaded boot cache 0.05s 41MB C:/Users/Efraim/AppData/Local/UnrealEngine/4.10/DerivedDataCache/Boot.ddc.
[2016.03.11-15.48.12:476][  0]LogDerivedDataCache:Display: Loaded Boot cache: C:/Users/Efraim/AppData/Local/UnrealEngine/4.10/DerivedDataCache/Boot.ddc
[2016.03.11-15.48.12:476][  0]LogDerivedDataCache: FDerivedDataBackendGraph:  Pak pak cache file C:/Users/Efraim/Documents/Unreal Projects/MyProject3/DerivedDataCache/DDC.ddp not found, will not use a pak cache.
[2016.03.11-15.48.12:476][  0]LogDerivedDataCache: Unable to find inner node Pak for hierarchical cache Hierarchy.
[2016.03.11-15.48.12:476][  0]LogDerivedDataCache: FDerivedDataBackendGraph:  CompressedPak pak cache file C:/Users/Efraim/Documents/Unreal Projects/MyProject3/DerivedDataCache/Compressed.ddp not found, will not use a pak cache.
[2016.03.11-15.48.12:476][  0]LogDerivedDataCache: Unable to find inner node CompressedPak for hierarchical cache Hierarchy.
[2016.03.11-15.48.12:534][  0]LogDerivedDataCache:Display: Pak cache opened for reading ../../../Engine/DerivedDataCache/Compressed.ddp.
[2016.03.11-15.48.12:545][  0]LogDerivedDataCache: Using Local data cache path C:/Users/Efraim/AppData/Local/UnrealEngine/Common/DerivedDataCache: Writable
[2016.03.11-15.48.12:702][  0]LogInit: Selected Device Profile: [Windows]
[2016.03.11-15.48.12:704][  0]LogContentStreaming: Texture pool size is 0.000000MB
[2016.03.11-15.48.12:802][  0]LogMeshUtilities: No automatic mesh reduction module available
[2016.03.11-15.48.12:802][  0]LogMeshUtilities: No automatic mesh merging module available
[2016.03.11-15.48.12:991][  0]LogInit: WinSock: version 1.1 (2.2), MaxSocks=32767, MaxUdp=65467
[2016.03.11-15.48.13:623][  0]UdpMessaging: Initializing bridge on interface 0.0.0.0:0 to multicast group 230.0.0.1:6666.
[2016.03.11-15.48.13:711][  0]LogAssetRegistry: FAssetRegistry took 0.0109 seconds to start up
[2016.03.11-15.48.13:835][  0]SourceControl: Info Source control is disabled
[2016.03.11-15.48.13:867][  0]SourceControl: Info Source control is disabled
[2016.03.11-15.48.13:874][  0]SourceControl: Info Source control is disabled
[2016.03.11-15.48.13:880][  0]SourceControl: Info Source control is disabled
[2016.03.11-15.48.14:031][  0]LogObj: 28633 objects as part of root set at end of initial load.
[2016.03.11-15.48.14:031][  0]LogUObjectAllocator: 6099752 out of 0 bytes used by permanent object pool.
[2016.03.11-15.48.14:081][  0]LogEngine: Initializing Engine...
[2016.03.11-15.48.14:084][  0]LogHMD: Can't find Oculus library dev build: is proper Runtime installed? Version: 0.8.0.0
[2016.03.11-15.48.14:084][  0]LogHMD: SteamVR failed to initialize.  Err: 110
[2016.03.11-15.48.14:186][  0]LogAIModule: Creating AISystem for world NewWorld
[2016.03.11-15.48.14:193][  0]LogInit: XAudio2 using 'Fones de ouvido (Tracks Air Estéreo)' : 2 channels at 44.1 kHz using 16 bits per sample (channel mask 0x3)
[2016.03.11-15.48.14:201][  0]LogInit: FAudioDevice initialized.
[2016.03.11-15.48.14:228][  0]LogDerivedDataCache: Saved boot cache 0.03s 41MB C:/Users/Efraim/AppData/Local/UnrealEngine/4.10/DerivedDataCache/Boot.ddc.
[2016.03.11-15.48.14:230][  0]LogInit: Texture streaming: Enabled
[2016.03.11-15.48.14:234][  0]LogAnalytics: Creating configured Analytics provider AnalyticsET
[2016.03.11-15.48.14:234][  0]LogAnalytics: [UEEditor.Rocket.Release] APIServer = http://et2.epicgames.com/ET2/. AppVersion = 4.10.4-2872498+++depot+UE4-Releases+4.10
[2016.03.11-15.48.14:234][  0]LogAnalytics: [UEEditor.Rocket.Release] SetUserId cb6fc9a041866e01e6e6f987205f3781|0d07ab62c39c438abe2032a20288a293|b700bda8-a2b3-41ba-9f30-ad346804893a
[2016.03.11-15.48.14:234][  0]LogAnalytics: [UEEditor.Rocket.Release] AnalyticsET::StartSession
[2016.03.11-15.48.14:241][  0]LogInit: Transaction tracking system initialized
[2016.03.11-15.48.14:258][  0]BlueprintLog: New page: Editor Load
[2016.03.11-15.48.14:422][  0]LocalizationService: Info Localization service is disabled
[2016.03.11-15.48.14:471][  0]LogConsoleResponse:Display: 
[2016.03.11-15.48.14:562][  0]LogCook:Display: Done creating registry. It took  0.00s.
[2016.03.11-15.48.14:604][  0]LogFileCache: Scanning file cache for directory 'C:/Users/Efraim/Documents/Unreal Projects/MyProject3/Content/' took 0.01s
[2016.03.11-15.48.14:604][  0]SourceControl: Info Source control is disabled
[2016.03.11-15.48.14:604][  0]Cmd: MAP LOAD FILE="C:/Users/Efraim/Documents/Unreal Projects/MyProject3/Content/MobileStarterContent/Maps/Minimal_Default.umap" TEMPLATE=0 SHOWPROGRESS=1 FEATURELEVEL=3
[2016.03.11-15.48.14:604][  0]LightingResults: New page: Lighting Build
[2016.03.11-15.48.14:606][  0]MapCheck: New page: Map Check
[2016.03.11-15.48.14:606][  0]LightingResults: New page: Lighting Build
[2016.03.11-15.48.14:616][  0]LogParticles: Destroying 0 GPU particle simulations for FXSystem 0x000002B37D9E7B00
[2016.03.11-15.48.14:847][  0]LogAIModule: Creating AISystem for world Minimal_Default
[2016.03.11-15.48.14:852][  0]LogEditorServer: Finished looking for orphan Actors (0.000 secs)
[2016.03.11-15.48.14:864][  0]Cmd: MAP CHECKDEP NOCLEARLOG
[2016.03.11-15.48.14:905][  0]MapCheck: Info Map check complete: 0 Error(s), 0 Warning(s), took 40.3ms to complete.
[2016.03.11-15.48.14:905][  0]LogFileHelpers: Loading map 'Minimal_Default' took 0.300
[2016.03.11-15.48.14:974][  0]LogCollectionManager: Loaded 0 collections in 0.001164 seconds
[2016.03.11-15.48.15:013][  0]LogFileCache: Scanning file cache for directory 'C:/Users/Efraim/Documents/Unreal Projects/MyProject3/Saved/Collections/' took 0.01s
[2016.03.11-15.48.15:013][  0]LogFileCache: Scanning file cache for directory 'C:/Users/Efraim/Documents/Unreal Projects/MyProject3/Content/Developers/Efraim/Collections/' took 0.01s
[2016.03.11-15.48.15:013][  0]LogFileCache: Scanning file cache for directory 'C:/Users/Efraim/Documents/Unreal Projects/MyProject3/Content/Collections/' took 0.01s
[2016.03.11-15.48.15:013][  0]LogCollectionManager: Rebuilt the GUID cache for 0 collections in 0.000002 seconds
[2016.03.11-15.48.15:019][  0]LogContentBrowser: Native class hierarchy populated in 0.0065 seconds. Added 1893 classes and 338 folders.
[2016.03.11-15.48.15:023][  0]LogContentBrowser: Native class hierarchy updated for 'WidgetCarousel' in 0.0002 seconds. Added 0 classes and 0 folders.
[2016.03.11-15.48.15:057][  0]LogContentBrowser: Native class hierarchy updated for 'AddContentDialog' in 0.0003 seconds. Added 0 classes and 0 folders.
[2016.03.11-15.48.15:086][  0]LogContentBrowser: Native class hierarchy updated for 'SceneOutliner' in 0.0003 seconds. Added 1 classes and 2 folders.
[2016.03.11-15.48.15:102][  0]LogCrashTracker: Crashtracker disabled due to settings.
[2016.03.11-15.48.15:106][  0]LogUObjectGlobals:Warning: Failed to find object 'Class None.'
[2016.03.11-15.48.15:129][  0]LogLoad: Full Startup: 4.33 seconds (BP compile: 0.03 seconds)
[2016.03.11-15.48.15:140][  0]LogOcInput: Can't find Oculus library dev build: is proper Runtime installed? Version: 0.8.0.0
[2016.03.11-15.48.15:196][  0]LogContentStreaming: Texture pool size now 1000 MB
[2016.03.11-15.48.15:340][  2]LogRenderer: Reallocating scene render targets to support 776x548 (Frame:2).
[2016.03.11-15.48.15:614][  2]LogAssetRegistry: Asset discovery search completed in 1.9138 seconds
[2016.03.11-15.48.15:614][  2]LogCollectionManager: Rebuilt the object cache for 0 collections in 0.000001 seconds (found 0 objects)
[2016.03.11-15.48.15:614][  2]LogCollectionManager: Fixed up redirectors for 0 collections in 0.000016 seconds (updated 0 objects)
[2016.03.11-15.48.23:392][311]Cmd: MAP LOAD FILE="C:/Users/Efraim/Documents/Unreal Projects/MyProject3/Content/A_RTS/Map/Level1.umap" TEMPLATE=0 SHOWPROGRESS=1 FEATURELEVEL=3
[2016.03.11-15.48.23:426][311]LightingResults: New page: Lighting Build
[2016.03.11-15.48.23:443][311]LoadErrors: New page: Loading map: Level1.umap
[2016.03.11-15.48.23:457][311]MapCheck: New page: Map Check
[2016.03.11-15.48.23:457][311]LightingResults: New page: Lighting Build
[2016.03.11-15.48.23:466][311]LogParticles: Destroying 0 GPU particle simulations for FXSystem 0x000002B37122EE80
[2016.03.11-15.48.23:515][311]LogAIModule: Creating AISystem for world Level1
[2016.03.11-15.48.23:538][311]LogEditorServer: Finished looking for orphan Actors (0.000 secs)
[2016.03.11-15.48.23:573][311]Cmd: MAP CHECKDEP NOCLEARLOG
[2016.03.11-15.48.23:609][311]MapCheck: Info Map check complete: 0 Error(s), 0 Warning(s), took 36.757ms to complete.
[2016.03.11-15.48.23:610][311]LogFileHelpers: Loading map 'Level1' took 0.219
[2016.03.11-15.48.38:583][828]LogLinker:Warning: Asset '../../../Engine/Content/ArtTools/RenderToTexture/Macros/RenderToTextureMacros.uasset' has been saved with empty engine version. The asset will be loaded but may be incompatible.
[2016.03.11-15.48.38:936][828]LogContentBrowser: Native class hierarchy updated for 'BlueprintGraph' in 0.0006 seconds. Added 107 classes and 0 folders.
[2016.03.11-15.50.43:107][695]LogRenderer: Reallocating scene render targets to support 832x548 (Frame:1947).
[2016.03.11-15.53.34:245][408]LogRenderer: Reallocating scene render targets to support 1136x720 (Frame:5698).
[2016.03.11-15.58.30:135][877]LogParticles: Destroying 0 GPU particle simulations for FXSystem 0x000002B3709AE5C0
[2016.03.11-15.58.30:137][877]LogParticles: Destroying 0 GPU particle simulations for FXSystem 0x000002B3208EE8E0
[2016.03.11-15.58.30:143][877]LogFileHelpers: Editor autosave (incl. sublevels) for '/Game/A_RTS/Map/Level1' took 0.033
[2016.03.11-15.58.30:147][877]OBJ SavePackage: Generating thumbnails for [0] asset(s) in package [/Game/A_RTS/A_MasterBlueprints/MasterCommander] ([1] browsable assets)...
[2016.03.11-15.58.30:147][877]OBJ SavePackage: Finished generating thumbnails for package [/Game/A_RTS/A_MasterBlueprints/MasterCommander]
[2016.03.11-15.58.30:170][877]LogSavePackage: Save=18.023716ms
[2016.03.11-15.58.30:170][877]LogSavePackage: Moving 'C:/Users/Efraim/Documents/Unreal Projects/MyProject3/Saved/MasterCommander_Auto1B16DF2DC4C36877F59BBC8A3E0CB76C5.tmp' to 'C:/Users/Efraim/Documents/Unreal Projects/MyProject3/Saved/Autosaves/Game/A_RTS/A_MasterBlueprints/MasterCommander_Auto1.uasset'
[2016.03.11-15.58.30:172][877]LogSavePackage: Total save time: 23.813091ms
[2016.03.11-15.58.30:172][877]LogSavePackage:Display: Finished SavePackage C:/Users/Efraim/Documents/Unreal Projects/MyProject3/Saved/Autosaves/Game/A_RTS/A_MasterBlueprints/MasterCommander_Auto1.uasset
[2016.03.11-15.58.30:172][877]LogFileHelpers: Auto-saving content packages took 0.029
[2016.03.11-16.08.30:814][ 27]LogFileHelpers: Editor autosave (incl. sublevels) for '/Game/A_RTS/Map/Level1' took 0.030
[2016.03.11-16.08.30:818][ 27]OBJ SavePackage: Generating thumbnails for [0] asset(s) in package [/Game/A_RTS/A_MasterBlueprints/MasterCommander] ([1] browsable assets)...
[2016.03.11-16.08.30:818][ 27]OBJ SavePackage: Finished generating thumbnails for package [/Game/A_RTS/A_MasterBlueprints/MasterCommander]
[2016.03.11-16.08.30:840][ 27]LogSavePackage: Save=17.568584ms
[2016.03.11-16.08.30:840][ 27]LogSavePackage: Moving 'C:/Users/Efraim/Documents/Unreal Projects/MyProject3/Saved/MasterCommander_Auto22E01EE35495DCC56F28457A036B6ED91.tmp' to 'C:/Users/Efraim/Documents/Unreal Projects/MyProject3/Saved/Autosaves/Game/A_RTS/A_MasterBlueprints/MasterCommander_Auto2.uasset'
[2016.03.11-16.08.30:842][ 27]LogSavePackage: Total save time: 20.784654ms
[2016.03.11-16.08.30:842][ 27]LogSavePackage:Display: Finished SavePackage C:/Users/Efraim/Documents/Unreal Projects/MyProject3/Saved/Autosaves/Game/A_RTS/A_MasterBlueprints/MasterCommander_Auto2.uasset
[2016.03.11-16.08.30:842][ 27]LogFileHelpers: Auto-saving content packages took 0.028
[2016.03.11-18.12.56:365][427]LogFileHelpers: Editor autosave (incl. sublevels) for '/Game/A_RTS/Map/Level1' took 0.069
[2016.03.11-18.12.56:370][427]OBJ SavePackage: Generating thumbnails for [0] asset(s) in package [/Game/A_RTS/A_MasterBlueprints/MasterCommander] ([1] browsable assets)...
[2016.03.11-18.12.56:370][427]OBJ SavePackage: Finished generating thumbnails for package [/Game/A_RTS/A_MasterBlueprints/MasterCommander]
[2016.03.11-18.12.56:396][427]LogSavePackage: Save=23.145628ms
[2016.03.11-18.12.56:396][427]LogSavePackage: Moving 'C:/Users/Efraim/Documents/Unreal Projects/MyProject3/Saved/MasterCommander_Auto3B738918945127180E305A2BFB3681DF6.tmp' to 'C:/Users/Efraim/Documents/Unreal Projects/MyProject3/Saved/Autosaves/Game/A_RTS/A_MasterBlueprints/MasterCommander_Auto3.uasset'
[2016.03.11-18.12.56:399][427]LogSavePackage: Total save time: 26.979767ms
[2016.03.11-18.12.56:399][427]LogSavePackage:Display: Finished SavePackage C:/Users/Efraim/Documents/Unreal Projects/MyProject3/Saved/Autosaves/Game/A_RTS/A_MasterBlueprints/MasterCommander_Auto3.uasset
[2016.03.11-18.12.56:399][427]LogFileHelpers: Auto-saving content packages took 0.033
[2016.03.11-18.13.13:564][855]LogSavePackage: Save=17.747559ms
[2016.03.11-18.13.13:564][855]LogSavePackage: Moving 'C:/Users/Efraim/Documents/Unreal Projects/MyProject3/Saved/MasterCommander8B88ED9D4A04191EC6429FB8883FA529.tmp' to 'C:/Users/Efraim/Documents/Unreal Projects/MyProject3/Content/A_RTS/A_MasterBlueprints/MasterCommander.uasset'
[2016.03.11-18.13.13:567][855]LogSavePackage: Total save time: 21.222785ms
[2016.03.11-18.13.13:567][855]LogSavePackage:Display: Finished SavePackage C:/Users/Efraim/Documents/Unreal Projects/MyProject3/Content/A_RTS/A_MasterBlueprints/MasterCommander.uasset
[2016.03.11-18.18.09:693][800]BlueprintLog: New page: Compile MasterCommander
[2016.03.11-18.18.09:844][800]BlueprintEditorCompileResults: Info [8999.04] Compile of MasterCommander successful! [in 141 ms]
[2016.03.11-18.22.57:195][476]LogFileHelpers: Editor autosave (incl. sublevels) for '/Game/A_RTS/Map/Level1' took 0.026
[2016.03.11-18.22.57:200][476]OBJ SavePackage: Generating thumbnails for [0] asset(s) in package [/Game/A_RTS/A_MasterBlueprints/MasterCommander] ([1] browsable assets)...
[2016.03.11-18.22.57:200][476]OBJ SavePackage: Finished generating thumbnails for package [/Game/A_RTS/A_MasterBlueprints/MasterCommander]
[2016.03.11-18.22.57:227][476]LogSavePackage: Save=23.936895ms
[2016.03.11-18.22.57:227][476]LogSavePackage: Moving 'C:/Users/Efraim/Documents/Unreal Projects/MyProject3/Saved/MasterCommander_Auto49C87EA7A4C6B19D0178D79A0402F6DE4.tmp' to 'C:/Users/Efraim/Documents/Unreal Projects/MyProject3/Saved/Autosaves/Game/A_RTS/A_MasterBlueprints/MasterCommander_Auto4.uasset'
[2016.03.11-18.22.57:228][476]LogSavePackage: Total save time: 27.036857ms
[2016.03.11-18.22.57:229][476]LogSavePackage:Display: Finished SavePackage C:/Users/Efraim/Documents/Unreal Projects/MyProject3/Saved/Autosaves/Game/A_RTS/A_MasterBlueprints/MasterCommander_Auto4.uasset
[2016.03.11-18.22.57:229][476]LogFileHelpers: Auto-saving content packages took 0.033
[2016.03.11-18.42.27:261][906]LogFileHelpers: Editor autosave (incl. sublevels) for '/Game/A_RTS/Map/Level1' took 0.029
[2016.03.11-18.42.27:265][906]OBJ SavePackage: Generating thumbnails for [0] asset(s) in package [/Game/A_RTS/A_MasterBlueprints/MasterCommander] ([1] browsable assets)...
[2016.03.11-18.42.27:265][906]OBJ SavePackage: Finished generating thumbnails for package [/Game/A_RTS/A_MasterBlueprints/MasterCommander]
[2016.03.11-18.42.27:296][906]LogSavePackage: Save=27.136608ms
[2016.03.11-18.42.27:296][906]LogSavePackage: Moving 'C:/Users/Efraim/Documents/Unreal Projects/MyProject3/Saved/MasterCommander_Auto5E864D3DF44B41B0DAB154E80D3C2DA84.tmp' to 'C:/Users/Efraim/Documents/Unreal Projects/MyProject3/Saved/Autosaves/Game/A_RTS/A_MasterBlueprints/MasterCommander_Auto5.uasset'
[2016.03.11-18.42.27:297][906]LogSavePackage: Total save time: 30.250683ms
[2016.03.11-18.42.27:297][906]LogSavePackage:Display: Finished SavePackage C:/Users/Efraim/Documents/Unreal Projects/MyProject3/Saved/Autosaves/Game/A_RTS/A_MasterBlueprints/MasterCommander_Auto5.uasset
[2016.03.11-18.42.27:297][906]LogFileHelpers: Auto-saving content packages took 0.036
[2016.03.11-18.53.48:686][392]LogFileHelpers: Editor autosave (incl. sublevels) for '/Game/A_RTS/Map/Level1' took 0.025
[2016.03.11-18.53.48:691][392]OBJ SavePackage: Generating thumbnails for [0] asset(s) in package [/Game/A_RTS/A_MasterBlueprints/MasterCommander] ([1] browsable assets)...
[2016.03.11-18.53.48:691][392]OBJ SavePackage: Finished generating thumbnails for package [/Game/A_RTS/A_MasterBlueprints/MasterCommander]
[2016.03.11-18.53.48:732][392]LogSavePackage: Save=38.245792ms
[2016.03.11-18.53.48:732][392]LogSavePackage: Moving 'C:/Users/Efraim/Documents/Unreal Projects/MyProject3/Saved/MasterCommander_Auto60A6A660C4E69071933965BB732D4F143.tmp' to 'C:/Users/Efraim/Documents/Unreal Projects/MyProject3/Saved/Autosaves/Game/A_RTS/A_MasterBlueprints/MasterCommander_Auto6.uasset'
[2016.03.11-18.53.48:733][392]LogSavePackage: Total save time: 41.311756ms
[2016.03.11-18.53.48:733][392]LogSavePackage:Display: Finished SavePackage C:/Users/Efraim/Documents/Unreal Projects/MyProject3/Saved/Autosaves/Game/A_RTS/A_MasterBlueprints/MasterCommander_Auto6.uasset
[2016.03.11-18.53.48:733][392]LogFileHelpers: Auto-saving content packages took 0.047
[2016.03.11-18.54.26:615][255]LogSavePackage: Save=36.365288ms
[2016.03.11-18.54.26:615][255]LogSavePackage: Moving 'C:/Users/Efraim/Documents/Unreal Projects/MyProject3/Saved/MasterCommanderC727EB75411950B7BB01828B6B4874AC.tmp' to 'C:/Users/Efraim/Documents/Unreal Projects/MyProject3/Content/A_RTS/A_MasterBlueprints/MasterCommander.uasset'
[2016.03.11-18.54.26:618][255]LogSavePackage: Total save time: 40.065031ms
[2016.03.11-18.54.26:618][255]LogSavePackage:Display: Finished SavePackage C:/Users/Efraim/Documents/Unreal Projects/MyProject3/Content/A_RTS/A_MasterBlueprints/MasterCommander.uasset
[2016.03.11-18.54.27:486][359]BlueprintLog: New page: Compile MasterCommander
[2016.03.11-18.54.27:598][359]BlueprintEditorCompileResults: Info [1176.80] Compile of MasterCommander successful! [in 111 ms]
[2016.03.11-18.56.42:218][ 27]LogSlate:Warning: Prevented a slow task dialog from being summoned while a context menu was open
[2016.03.11-18.56.47:261][155]LogSlate:Warning: Prevented a slow task dialog from being summoned while a context menu was open
[2016.03.11-18.56.48:339][276]LogUObjectGlobals:Warning: Failed to find object 'Class None.None'
[2016.03.11-18.58.34:855][128]LogSlate:Warning: Prevented a slow task dialog from being summoned while a context menu was open
[2016.03.11-18.58.37:371][289]LogSlate:Warning: Prevented a slow task dialog from being summoned while a context menu was open
[2016.03.11-18.58.38:959][329]LogSlate:Warning: Prevented a slow task dialog from being summoned while a context menu was open
[2016.03.11-18.58.41:498][625]LogSlate:Warning: Prevented a slow task dialog from being summoned while a context menu was open
[2016.03.11-18.58.42:275][643]LogSlate:Warning: Prevented a slow task dialog from being summoned while a context menu was open
[2016.03.11-18.58.45:824][890]LogSlate:Warning: Prevented a slow task dialog from being summoned while a context menu was open
[2016.03.11-18.59.19:706][ 71]LogActor:Warning: GameNetworkManager /Engine/Transient.World_5:PersistentLevel.GameNetworkManager_0 has natively added scene component(s), but none of them were set as the actor's RootComponent - picking one arbitrarily
[2016.03.11-18.59.26:182][809]LogActor:Warning: GameNetworkManager /Engine/Transient.World_6:PersistentLevel.GameNetworkManager_1 has natively added scene component(s), but none of them were set as the actor's RootComponent - picking one arbitrarily
[2016.03.11-19.00.31:881][375]BlueprintLog: New page: Compile MyGameMode
[2016.03.11-19.00.31:949][375]LogParticles: Destroying 0 GPU particle simulations for FXSystem 0x000002B36F885940
[2016.03.11-19.00.31:955][375]BlueprintEditorCompileResults: Info [1541.16] Compile of MyGameMode successful! [in 74 ms]
[2016.03.11-19.00.43:008][866]LogActorComponent: UnregisterComponent: (/Engine/Transient.EditorFloorComp) Not registered. Aborting.
[2016.03.11-19.00.44:101][891]LogActorComponent: UnregisterComponent: (/Engine/Transient.EditorFloorComp) Not registered. Aborting.
[2016.03.11-19.00.48:253][987]Cmd: OBJ SAVEPACKAGE PACKAGE="/Game/A_RTS/Map/Level1" FILE="C:/Users/Efraim/Documents/Unreal Projects/MyProject3/Content/A_RTS/Map/Level1.umap" SILENT=true AUTOSAVING=false KEEPDIRTY=false
[2016.03.11-19.00.48:278][987]LogParticles: Destroying 0 GPU particle simulations for FXSystem 0x000002B3477D2A20
[2016.03.11-19.00.48:301][987]LogSavePackage: Save=17.324501ms
[2016.03.11-19.00.48:301][987]LogSavePackage: Moving 'C:/Users/Efraim/Documents/Unreal Projects/MyProject3/Saved/Level1381A38924968BE90D4908A8BB9BAC4B3.tmp' to 'C:/Users/Efraim/Documents/Unreal Projects/MyProject3/Content/A_RTS/Map/Level1.umap'
[2016.03.11-19.00.48:303][987]LogSavePackage: Total save time: 21.557320ms
[2016.03.11-19.00.48:303][987]LogSavePackage:Display: Finished SavePackage C:/Users/Efraim/Documents/Unreal Projects/MyProject3/Content/A_RTS/Map/Level1.umap
[2016.03.11-19.10.48:801][892]LogParticles: Destroying 0 GPU particle simulations for FXSystem 0x000002B31B77DF80
[2016.03.11-19.10.48:802][892]LogParticles: Destroying 0 GPU particle simulations for FXSystem 0x000002B38613ADE0
[2016.03.11-19.10.48:810][892]LogFileHelpers: Editor autosave (incl. sublevels) for '/Game/A_RTS/Map/Level1' took 0.042
[2016.03.11-19.10.48:814][892]OBJ SavePackage: Generating thumbnails for [0] asset(s) in package [/Game/A_RTS/A_MasterBlueprints/MasterCommander] ([1] browsable assets)...
[2016.03.11-19.10.48:814][892]OBJ SavePackage: Finished generating thumbnails for package [/Game/A_RTS/A_MasterBlueprints/MasterCommander]
[2016.03.11-19.10.48:852][892]LogSavePackage: Save=34.886349ms
[2016.03.11-19.10.48:852][892]LogSavePackage: Moving 'C:/Users/Efraim/Documents/Unreal Projects/MyProject3/Saved/MasterCommander_Auto7F885C2BF4A1210912E8D7C8CC84BE08A.tmp' to 'C:/Users/Efraim/Documents/Unreal Projects/MyProject3/Saved/Autosaves/Game/A_RTS/A_MasterBlueprints/MasterCommander_Auto7.uasset'
[2016.03.11-19.10.48:854][892]LogSavePackage: Total save time: 38.130004ms
[2016.03.11-19.10.48:854][892]LogSavePackage:Display: Finished SavePackage C:/Users/Efraim/Documents/Unreal Projects/MyProject3/Saved/Autosaves/Game/A_RTS/A_MasterBlueprints/MasterCommander_Auto7.uasset
[2016.03.11-19.10.48:857][892]OBJ SavePackage: Generating thumbnails for [0] asset(s) in package [/Game/A_RTS/Blueprints/Logics/MyGameMode] ([1] browsable assets)...
[2016.03.11-19.10.48:857][892]OBJ SavePackage: Finished generating thumbnails for package [/Game/A_RTS/Blueprints/Logics/MyGameMode]
[2016.03.11-19.10.48:867][892]LogSavePackage: Save=7.084526ms
[2016.03.11-19.10.48:867][892]LogSavePackage: Moving 'C:/Users/Efraim/Documents/Unreal Projects/MyProject3/Saved/MyGameMode_Auto702386D1D4B70288028094E8E914337E7.tmp' to 'C:/Users/Efraim/Documents/Unreal Projects/MyProject3/Saved/Autosaves/Game/A_RTS/Blueprints/Logics/MyGameMode_Auto7.uasset'
[2016.03.11-19.10.48:868][892]LogSavePackage: Total save time: 10.206938ms
[2016.03.11-19.10.48:868][892]LogSavePackage:Display: Finished SavePackage C:/Users/Efraim/Documents/Unreal Projects/MyProject3/Saved/Autosaves/Game/A_RTS/Blueprints/Logics/MyGameMode_Auto7.uasset
[2016.03.11-19.10.48:871][892]OBJ SavePackage: Generating thumbnails for [0] asset(s) in package [/Game/A_RTS/Blueprints/Logics/MyHUD] ([1] browsable assets)...
[2016.03.11-19.10.48:871][892]OBJ SavePackage: Finished generating thumbnails for package [/Game/A_RTS/Blueprints/Logics/MyHUD]
[2016.03.11-19.10.48:880][892]LogSavePackage: Save=7.621125ms
[2016.03.11-19.10.48:880][892]LogSavePackage: Moving 'C:/Users/Efraim/Documents/Unreal Projects/MyProject3/Saved/MyHUD_Auto7EB08629945031FD6F37E3191AB0D35B5.tmp' to 'C:/Users/Efraim/Documents/Unreal Projects/MyProject3/Saved/Autosaves/Game/A_RTS/Blueprints/Logics/MyHUD_Auto7.uasset'
[2016.03.11-19.10.48:882][892]LogSavePackage: Total save time: 9.397071ms
[2016.03.11-19.10.48:882][892]LogSavePackage:Display: Finished SavePackage C:/Users/Efraim/Documents/Unreal Projects/MyProject3/Saved/Autosaves/Game/A_RTS/Blueprints/Logics/MyHUD_Auto7.uasset
[2016.03.11-19.10.48:882][892]LogFileHelpers: Auto-saving content packages took 0.071
[2016.03.11-19.40.42:982][807]LogMetaData: Removing '/Game/A_RTS/Blueprints/A_Units/HumanCommander.HumanCommander:UserConstructionScript.K2Node_FunctionEntry_124' ref from Metadata '/Game/A_RTS/Blueprints/A_Units/NewBlueprint.PackageMetaData'
[2016.03.11-19.40.42:982][807]LogMetaData: Removing '/Game/A_RTS/Blueprints/A_Units/HumanCommander.SKEL_HumanCommander_C' ref from Metadata '/Game/A_RTS/Blueprints/A_Units/NewBlueprint.PackageMetaData'
[2016.03.11-19.40.42:982][807]LogMetaData: Removing '/Game/A_RTS/Blueprints/A_Units/HumanCommander.HumanCommander_C' ref from Metadata '/Game/A_RTS/Blueprints/A_Units/NewBlueprint.PackageMetaData'
[2016.03.11-19.40.42:982][807]LogMetaData: Removing '/Game/A_RTS/Blueprints/A_Units/HumanCommander.HumanCommander:EventGraph.K2Node_Event_224' ref from Metadata '/Game/A_RTS/Blueprints/A_Units/NewBlueprint.PackageMetaData'
[2016.03.11-19.40.42:982][807]LogMetaData: Removing '/Game/A_RTS/Blueprints/A_Units/HumanCommander.HumanCommander:EventGraph.K2Node_CallParentFunction_1' ref from Metadata '/Game/A_RTS/Blueprints/A_Units/NewBlueprint.PackageMetaData'
[2016.03.11-19.40.42:982][807]LogMetaData: Removing '/Game/A_RTS/Blueprints/A_Units/HumanCommander.HumanCommander:EventGraph.K2Node_Event_225' ref from Metadata '/Game/A_RTS/Blueprints/A_Units/NewBlueprint.PackageMetaData'
[2016.03.11-19.40.42:982][807]LogMetaData: Removing '/Game/A_RTS/Blueprints/A_Units/HumanCommander.HumanCommander:EventGraph.K2Node_Event_226' ref from Metadata '/Game/A_RTS/Blueprints/A_Units/NewBlueprint.PackageMetaData'
[2016.03.11-19.40.43:008][807]Cmd: OBJ SAVEPACKAGE PACKAGE="/Game/A_RTS/Blueprints/A_Units/HumanCommander" FILE="C:/Users/Efraim/Documents/Unreal Projects/MyProject3/Content/A_RTS/Blueprints/A_Units/HumanCommander.uasset" SILENT=true
[2016.03.11-19.40.43:020][807]LogSavePackage: Save=10.350631ms
[2016.03.11-19.40.43:020][807]LogSavePackage: Moving 'C:/Users/Efraim/Documents/Unreal Projects/MyProject3/Saved/HumanCommander656E8D904AD6C4B2A296129A72E5B406.tmp' to 'C:/Users/Efraim/Documents/Unreal Projects/MyProject3/Content/A_RTS/Blueprints/A_Units/HumanCommander.uasset'
[2016.03.11-19.40.43:027][807]LogSavePackage: Total save time: 17.480701ms
[2016.03.11-19.40.43:027][807]LogSavePackage:Display: Finished SavePackage C:/Users/Efraim/Documents/Unreal Projects/MyProject3/Content/A_RTS/Blueprints/A_Units/HumanCommander.uasset
[2016.03.11-19.44.11:604][763]BlueprintLog: New page: Compile HumanCommander
[2016.03.11-19.44.11:677][763]BlueprintEditorCompileResults: Info [4160.88] Compile of HumanCommander successful! [in 73 ms]
[2016.03.11-19.44.57:030][798]LogFileHelpers: Editor autosave (incl. sublevels) for '/Game/A_RTS/Map/Level1' took 0.026
[2016.03.11-19.44.57:036][798]LogSavePackage: Save=1.068388ms
[2016.03.11-19.44.57:036][798]LogSavePackage: Moving 'C:/Users/Efraim/Documents/Unreal Projects/MyProject3/Saved/NewBlueprint_Auto8063F9D7944AEE4D5790D02AC09E5C3B1.tmp' to 'C:/Users/Efraim/Documents/Unreal Projects/MyProject3/Saved/Autosaves/Game/A_RTS/Blueprints/A_Units/NewBlueprint_Auto8.uasset'
[2016.03.11-19.44.57:038][798]LogSavePackage: Total save time: 3.021698ms
[2016.03.11-19.44.57:038][798]LogSavePackage:Display: Finished SavePackage C:/Users/Efraim/Documents/Unreal Projects/MyProject3/Saved/Autosaves/Game/A_RTS/Blueprints/A_Units/NewBlueprint_Auto8.uasset
[2016.03.11-19.44.57:041][798]OBJ SavePackage: Generating thumbnails for [0] asset(s) in package [/Game/A_RTS/Blueprints/A_Units/HumanCommander] ([1] browsable assets)...
[2016.03.11-19.44.57:041][798]OBJ SavePackage: Finished generating thumbnails for package [/Game/A_RTS/Blueprints/A_Units/HumanCommander]
[2016.03.11-19.44.57:055][798]LogSavePackage: Save=10.045607ms
[2016.03.11-19.44.57:055][798]LogSavePackage: Moving 'C:/Users/Efraim/Documents/Unreal Projects/MyProject3/Saved/HumanCommander_Auto8A6F1F52F44B2C66605EAB8AF4C789D23.tmp' to 'C:/Users/Efraim/Documents/Unreal Projects/MyProject3/Saved/Autosaves/Game/A_RTS/Blueprints/A_Units/HumanCommander_Auto8.uasset'
[2016.03.11-19.44.57:056][798]LogSavePackage: Total save time: 13.670620ms
[2016.03.11-19.44.57:056][798]LogSavePackage:Display: Finished SavePackage C:/Users/Efraim/Documents/Unreal Projects/MyProject3/Saved/Autosaves/Game/A_RTS/Blueprints/A_Units/HumanCommander_Auto8.uasset
[2016.03.11-19.44.57:060][798]OBJ SavePackage: Generating thumbnails for [0] asset(s) in package [/Game/A_RTS/Blueprints/A_Units/AlienCommander] ([1] browsable assets)...
[2016.03.11-19.44.57:060][798]OBJ SavePackage: Finished generating thumbnails for package [/Game/A_RTS/Blueprints/A_Units/AlienCommander]
[2016.03.11-19.44.57:070][798]LogSavePackage: Save=9.493932ms
[2016.03.11-19.44.57:070][798]LogSavePackage: Moving 'C:/Users/Efraim/Documents/Unreal Projects/MyProject3/Saved/AlienCommander_Auto8A72ED3DE4E2D38E8AAF089B6DFCA95A5.tmp' to 'C:/Users/Efraim/Documents/Unreal Projects/MyProject3/Saved/Autosaves/Game/A_RTS/Blueprints/A_Units/AlienCommander_Auto8.uasset'
[2016.03.11-19.44.57:072][798]LogSavePackage: Total save time: 11.378609ms
[2016.03.11-19.44.57:072][798]LogSavePackage:Display: Finished SavePackage C:/Users/Efraim/Documents/Unreal Projects/MyProject3/Saved/Autosaves/Game/A_RTS/Blueprints/A_Units/AlienCommander_Auto8.uasset
[2016.03.11-19.44.57:072][798]LogFileHelpers: Auto-saving content packages took 0.042
[2016.03.11-19.51.08:376][222]LogSavePackage: Save=38.316032ms
[2016.03.11-19.51.08:376][222]LogSavePackage: Moving 'C:/Users/Efraim/Documents/Unreal Projects/MyProject3/Saved/MasterCommanderD573735F4D83C5FF4021248ADAFE5793.tmp' to 'C:/Users/Efraim/Documents/Unreal Projects/MyProject3/Content/A_RTS/A_MasterBlueprints/MasterCommander.uasset'
[2016.03.11-19.51.08:380][222]LogSavePackage: Total save time: 43.737840ms
[2016.03.11-19.51.08:380][222]LogSavePackage:Display: Finished SavePackage C:/Users/Efraim/Documents/Unreal Projects/MyProject3/Content/A_RTS/A_MasterBlueprints/MasterCommander.uasset
[2016.03.11-19.51.08:389][222]Cmd: OBJ SAVEPACKAGE PACKAGE="/Game/A_RTS/Blueprints/A_Units/AlienCommander" FILE="C:/Users/Efraim/Documents/Unreal Projects/MyProject3/Content/A_RTS/Blueprints/A_Units/AlienCommander.uasset" SILENT=true
[2016.03.11-19.51.08:400][222]LogSavePackage: Save=9.967987ms
[2016.03.11-19.51.08:400][222]LogSavePackage: Moving 'C:/Users/Efraim/Documents/Unreal Projects/MyProject3/Saved/AlienCommanderC8D3540C42EAC1BBCF8A6B9AC7E77D2B.tmp' to 'C:/Users/Efraim/Documents/Unreal Projects/MyProject3/Content/A_RTS/Blueprints/A_Units/AlienCommander.uasset'
[2016.03.11-19.51.08:403][222]LogSavePackage: Total save time: 13.056722ms
[2016.03.11-19.51.08:403][222]LogSavePackage:Display: Finished SavePackage C:/Users/Efraim/Documents/Unreal Projects/MyProject3/Content/A_RTS/Blueprints/A_Units/AlienCommander.uasset
[2016.03.11-19.51.08:410][222]Cmd: OBJ SAVEPACKAGE PACKAGE="/Game/A_RTS/Blueprints/A_Units/HumanCommander" FILE="C:/Users/Efraim/Documents/Unreal Projects/MyProject3/Content/A_RTS/Blueprints/A_Units/HumanCommander.uasset" SILENT=true
[2016.03.11-19.51.08:426][222]LogSavePackage: Save=10.475079ms
[2016.03.11-19.51.08:426][222]LogSavePackage: Moving 'C:/Users/Efraim/Documents/Unreal Projects/MyProject3/Saved/HumanCommander63DF2BD64FE4721E25C3C6A12D59540C.tmp' to 'C:/Users/Efraim/Documents/Unreal Projects/MyProject3/Content/A_RTS/Blueprints/A_Units/HumanCommander.uasset'
[2016.03.11-19.51.08:428][222]LogSavePackage: Total save time: 15.043713ms
[2016.03.11-19.51.08:428][222]LogSavePackage:Display: Finished SavePackage C:/Users/Efraim/Documents/Unreal Projects/MyProject3/Content/A_RTS/Blueprints/A_Units/HumanCommander.uasset
[2016.03.11-19.51.08:436][222]Cmd: OBJ SAVEPACKAGE PACKAGE="/Game/A_RTS/Blueprints/A_Units/NewBlueprint" FILE="C:/Users/Efraim/Documents/Unreal Projects/MyProject3/Content/A_RTS/Blueprints/A_Units/NewBlueprint.uasset" SILENT=true
[2016.03.11-19.51.08:438][222]LogSavePackage: Save=0.669386ms
[2016.03.11-19.51.08:438][222]LogSavePackage: Moving 'C:/Users/Efraim/Documents/Unreal Projects/MyProject3/Saved/NewBlueprintA32C862B46935C5D267E2E91CCDB4032.tmp' to 'C:/Users/Efraim/Documents/Unreal Projects/MyProject3/Content/A_RTS/Blueprints/A_Units/NewBlueprint.uasset'
[2016.03.11-19.51.08:440][222]LogSavePackage: Total save time: 2.963647ms
[2016.03.11-19.51.08:440][222]LogSavePackage:Display: Finished SavePackage C:/Users/Efraim/Documents/Unreal Projects/MyProject3/Content/A_RTS/Blueprints/A_Units/NewBlueprint.uasset
[2016.03.11-19.51.08:449][222]Cmd: OBJ SAVEPACKAGE PACKAGE="/Game/A_RTS/Blueprints/Logics/MyGameMode" FILE="C:/Users/Efraim/Documents/Unreal Projects/MyProject3/Content/A_RTS/Blueprints/Logics/MyGameMode.uasset" SILENT=true
[2016.03.11-19.51.08:459][222]LogSavePackage: Save=7.201917ms
[2016.03.11-19.51.08:459][222]LogSavePackage: Moving 'C:/Users/Efraim/Documents/Unreal Projects/MyProject3/Saved/MyGameMode9570F2F64795F8F3B463A3B87E1FE374.tmp' to 'C:/Users/Efraim/Documents/Unreal Projects/MyProject3/Content/A_RTS/Blueprints/Logics/MyGameMode.uasset'
[2016.03.11-19.51.08:461][222]LogSavePackage: Total save time: 11.876717ms
[2016.03.11-19.51.08:461][222]LogSavePackage:Display: Finished SavePackage C:/Users/Efraim/Documents/Unreal Projects/MyProject3/Content/A_RTS/Blueprints/Logics/MyGameMode.uasset
[2016.03.11-19.51.08:469][222]Cmd: OBJ SAVEPACKAGE PACKAGE="/Game/A_RTS/Blueprints/Logics/MyHUD" FILE="C:/Users/Efraim/Documents/Unreal Projects/MyProject3/Content/A_RTS/Blueprints/Logics/MyHUD.uasset" SILENT=true
[2016.03.11-19.51.08:477][222]LogSavePackage: Save=7.783420ms
[2016.03.11-19.51.08:477][222]LogSavePackage: Moving 'C:/Users/Efraim/Documents/Unreal Projects/MyProject3/Saved/MyHUD7AF787834626B101DEAD44AA994413D4.tmp' to 'C:/Users/Efraim/Documents/Unreal Projects/MyProject3/Content/A_RTS/Blueprints/Logics/MyHUD.uasset'
[2016.03.11-19.51.08:480][222]LogSavePackage: Total save time: 10.654055ms
[2016.03.11-19.51.08:480][222]LogSavePackage:Display: Finished SavePackage C:/Users/Efraim/Documents/Unreal Projects/MyProject3/Content/A_RTS/Blueprints/Logics/MyHUD.uasset
[2016.03.11-19.51.08:545][222]LogSavePackage: Save=7.974261ms
[2016.03.11-19.51.08:545][222]LogSavePackage: Moving 'C:/Users/Efraim/Documents/Unreal Projects/MyProject3/Saved/AlienCommander09FF08F94F2F7E3857826BA2B0BFE12B.tmp' to 'C:/Users/Efraim/Documents/Unreal Projects/MyProject3/Content/MobileStarterContent/Shapes/AlienCommander.uasset'
[2016.03.11-19.51.08:548][222]LogSavePackage: Total save time: 11.534806ms
[2016.03.11-19.51.08:548][222]LogSavePackage:Display: Finished SavePackage C:/Users/Efraim/Documents/Unreal Projects/MyProject3/Content/MobileStarterContent/Shapes/AlienCommander.uasset
[2016.03.11-19.51.08:623][222]LogSavePackage: Save=16.457218ms
[2016.03.11-19.51.08:623][222]LogSavePackage: Moving 'C:/Users/Efraim/Documents/Unreal Projects/MyProject3/Saved/HumanCommanderAE7C2BD8418DE0AE0A71859C38D20124.tmp' to 'C:/Users/Efraim/Documents/Unreal Projects/MyProject3/Content/MobileStarterContent/Shapes/HumanCommander.uasset'
[2016.03.11-19.51.08:627][222]LogSavePackage: Total save time: 20.877026ms
[2016.03.11-19.51.08:627][222]LogSavePackage:Display: Finished SavePackage C:/Users/Efraim/Documents/Unreal Projects/MyProject3/Content/MobileStarterContent/Shapes/HumanCommander.uasset
[2016.03.11-19.52.12:031][489]Cmd: OBJ SAVEPACKAGE PACKAGE="/Game/A_RTS/Z_Others/Meshes/AlienCommander" FILE="C:/Users/Efraim/Documents/Unreal Projects/MyProject3/Content/A_RTS/Z_Others/Meshes/AlienCommander.uasset" SILENT=true
[2016.03.11-19.52.12:042][489]LogSavePackage: Save=8.638515ms
[2016.03.11-19.52.12:042][489]LogSavePackage: Moving 'C:/Users/Efraim/Documents/Unreal Projects/MyProject3/Saved/AlienCommander6DC3714F484CA257AD03759FDEB3C138.tmp' to 'C:/Users/Efraim/Documents/Unreal Projects/MyProject3/Content/A_RTS/Z_Others/Meshes/AlienCommander.uasset'
[2016.03.11-19.52.12:045][489]LogSavePackage: Total save time: 11.772797ms
[2016.03.11-19.52.12:045][489]LogSavePackage:Display: Finished SavePackage C:/Users/Efraim/Documents/Unreal Projects/MyProject3/Content/A_RTS/Z_Others/Meshes/AlienCommander.uasset
[2016.03.11-19.52.12:091][489]Cmd: OBJ SAVEPACKAGE PACKAGE="/Game/A_RTS/Z_Others/Meshes/HumanCommander" FILE="C:/Users/Efraim/Documents/Unreal Projects/MyProject3/Content/A_RTS/Z_Others/Meshes/HumanCommander.uasset" SILENT=true
[2016.03.11-19.52.12:100][489]LogSavePackage: Save=7.676614ms
[2016.03.11-19.52.12:100][489]LogSavePackage: Moving 'C:/Users/Efraim/Documents/Unreal Projects/MyProject3/Saved/HumanCommanderC4C0C5DA4A406B902ED73B8808F6B959.tmp' to 'C:/Users/Efraim/Documents/Unreal Projects/MyProject3/Content/A_RTS/Z_Others/Meshes/HumanCommander.uasset'
[2016.03.11-19.52.12:102][489]LogSavePackage: Total save time: 10.535054ms
[2016.03.11-19.52.12:102][489]LogSavePackage:Display: Finished SavePackage C:/Users/Efraim/Documents/Unreal Projects/MyProject3/Content/A_RTS/Z_Others/Meshes/HumanCommander.uasset
[2016.03.11-19.52.48:582][635]LogEditorViewport: Clicking on Actor (LMB): BP_Sky_Sphere_C (Sky Sphere)
[2016.03.11-19.53.00:410][874]LogRenderer: Reallocating scene render targets to support 1184x720 (Frame:30648).
[2016.03.11-19.54.40:581][722]LogParticles: Destroying 0 GPU particle simulations for FXSystem 0x000002B3453ACB80
[2016.03.11-19.54.40:582][722]LogParticles: Destroying 0 GPU particle simulations for FXSystem 0x000002B345169D00
[2016.03.11-19.54.40:585][722]LogMetaData: Removing '/Game/A_RTS/Blueprints/A_Units/A_Commanders/AlienCommander.AlienCommander:UserConstructionScript.K2Node_FunctionEntry_125' ref from Metadata '/Game/A_RTS/Blueprints/A_Units/AlienCommander.PackageMetaData'
[2016.03.11-19.54.40:585][722]LogMetaData: Removing '/Game/A_RTS/Blueprints/A_Units/A_Commanders/AlienCommander.SKEL_AlienCommander_C' ref from Metadata '/Game/A_RTS/Blueprints/A_Units/AlienCommander.PackageMetaData'
[2016.03.11-19.54.40:585][722]LogMetaData: Removing '/Game/A_RTS/Blueprints/A_Units/A_Commanders/AlienCommander.AlienCommander_C' ref from Metadata '/Game/A_RTS/Blueprints/A_Units/AlienCommander.PackageMetaData'
[2016.03.11-19.54.40:585][722]LogMetaData: Removing '/Game/A_RTS/Blueprints/A_Units/A_Commanders/AlienCommander.AlienCommander:EventGraph.K2Node_Event_227' ref from Metadata '/Game/A_RTS/Blueprints/A_Units/AlienCommander.PackageMetaData'
[2016.03.11-19.54.40:585][722]LogMetaData: Removing '/Game/A_RTS/Blueprints/A_Units/A_Commanders/AlienCommander.AlienCommander:EventGraph.K2Node_CallParentFunction_3' ref from Metadata '/Game/A_RTS/Blueprints/A_Units/AlienCommander.PackageMetaData'
[2016.03.11-19.54.40:585][722]LogMetaData: Removing '/Game/A_RTS/Blueprints/A_Units/A_Commanders/AlienCommander.AlienCommander:EventGraph.K2Node_Event_228' ref from Metadata '/Game/A_RTS/Blueprints/A_Units/AlienCommander.PackageMetaData'
[2016.03.11-19.54.40:585][722]LogMetaData: Removing '/Game/A_RTS/Blueprints/A_Units/A_Commanders/AlienCommander.AlienCommander:EventGraph.K2Node_Event_229' ref from Metadata '/Game/A_RTS/Blueprints/A_Units/AlienCommander.PackageMetaData'
[2016.03.11-19.54.40:651][722]LogMetaData: Removing '/Game/A_RTS/Blueprints/A_Units/A_Commanders/HumanCommander.HumanCommander_C' ref from Metadata '/Game/A_RTS/Blueprints/A_Units/HumanCommander.PackageMetaData'
[2016.03.11-19.54.40:651][722]LogMetaData: Removing '/Game/A_RTS/Blueprints/A_Units/A_Commanders/HumanCommander.SKEL_HumanCommander_C' ref from Metadata '/Game/A_RTS/Blueprints/A_Units/HumanCommander.PackageMetaData'
[2016.03.11-19.54.40:651][722]LogMetaData: Removing '/Game/A_RTS/Blueprints/A_Units/A_Commanders/HumanCommander.HumanCommander:UserConstructionScript.K2Node_FunctionEntry_124' ref from Metadata '/Game/A_RTS/Blueprints/A_Units/HumanCommander.PackageMetaData'
[2016.03.11-19.54.40:651][722]LogMetaData: Removing '/Game/A_RTS/Blueprints/A_Units/A_Commanders/HumanCommander.HumanCommander:EventGraph.K2Node_Event_224' ref from Metadata '/Game/A_RTS/Blueprints/A_Units/HumanCommander.PackageMetaData'
[2016.03.11-19.54.40:652][722]LogMetaData: Removing '/Game/A_RTS/Blueprints/A_Units/A_Commanders/HumanCommander.HumanCommander:EventGraph.K2Node_CallParentFunction_1' ref from Metadata '/Game/A_RTS/Blueprints/A_Units/HumanCommander.PackageMetaData'
[2016.03.11-19.54.40:652][722]LogMetaData: Removing '/Game/A_RTS/Blueprints/A_Units/A_Commanders/HumanCommander.HumanCommander:EventGraph.K2Node_Event_225' ref from Metadata '/Game/A_RTS/Blueprints/A_Units/HumanCommander.PackageMetaData'
[2016.03.11-19.54.40:652][722]LogMetaData: Removing '/Game/A_RTS/Blueprints/A_Units/A_Commanders/HumanCommander.HumanCommander:EventGraph.K2Node_Event_226' ref from Metadata '/Game/A_RTS/Blueprints/A_Units/HumanCommander.PackageMetaData'
[2016.03.11-19.54.40:691][722]LogSavePackage: Save=9.584702ms
[2016.03.11-19.54.40:691][722]LogSavePackage: Moving 'C:/Users/Efraim/Documents/Unreal Projects/MyProject3/Saved/AlienCommander07FEAB564BB2F898B85B3C8455959510.tmp' to 'C:/Users/Efraim/Documents/Unreal Projects/MyProject3/Content/A_RTS/Blueprints/A_Units/A_Commanders/AlienCommander.uasset'
[2016.03.11-19.54.40:695][722]LogSavePackage: Total save time: 13.192076ms
[2016.03.11-19.54.40:695][722]LogSavePackage:Display: Finished SavePackage C:/Users/Efraim/Documents/Unreal Projects/MyProject3/Content/A_RTS/Blueprints/A_Units/A_Commanders/AlienCommander.uasset
[2016.03.11-19.54.40:713][722]LogSavePackage: Save=11.118805ms
[2016.03.11-19.54.40:713][722]LogSavePackage: Moving 'C:/Users/Efraim/Documents/Unreal Projects/MyProject3/Saved/HumanCommanderA4C9B096466EE43239E8FFB2192EE0D5.tmp' to 'C:/Users/Efraim/Documents/Unreal Projects/MyProject3/Content/A_RTS/Blueprints/A_Units/A_Commanders/HumanCommander.uasset'
[2016.03.11-19.54.40:715][722]LogSavePackage: Total save time: 13.325822ms
[2016.03.11-19.54.40:715][722]LogSavePackage:Display: Finished SavePackage C:/Users/Efraim/Documents/Unreal Projects/MyProject3/Content/A_RTS/Blueprints/A_Units/A_Commanders/HumanCommander.uasset
[2016.03.11-19.54.40:911][722]LogParticles: Destroying 0 GPU particle simulations for FXSystem 0x000002B3296022A0
[2016.03.11-19.55.32:341][559]Cmd: OBJ SAVEPACKAGE PACKAGE="/Game/A_RTS/Z_Others/Meshes/AlienCommander" FILE="C:/Users/Efraim/Documents/Unreal Projects/MyProject3/Content/A_RTS/Z_Others/Meshes/AlienCommander.uasset" SILENT=true
[2016.03.11-19.55.32:356][559]LogSavePackage: Save=8.861430ms
[2016.03.11-19.55.32:356][559]LogSavePackage: Moving 'C:/Users/Efraim/Documents/Unreal Projects/MyProject3/Saved/AlienCommander1051F4144F80599185FE7EB437753B2E.tmp' to 'C:/Users/Efraim/Documents/Unreal Projects/MyProject3/Content/A_RTS/Z_Others/Meshes/AlienCommander.uasset'
[2016.03.11-19.55.32:359][559]LogSavePackage: Total save time: 14.345780ms
[2016.03.11-19.55.32:359][559]LogSavePackage:Display: Finished SavePackage C:/Users/Efraim/Documents/Unreal Projects/MyProject3/Content/A_RTS/Z_Others/Meshes/AlienCommander.uasset
[2016.03.11-19.55.32:400][559]Cmd: OBJ SAVEPACKAGE PACKAGE="/Game/A_RTS/Z_Others/Meshes/HumanCommander" FILE="C:/Users/Efraim/Documents/Unreal Projects/MyProject3/Content/A_RTS/Z_Others/Meshes/HumanCommander.uasset" SILENT=true
[2016.03.11-19.55.32:411][559]LogSavePackage: Save=8.162536ms
[2016.03.11-19.55.32:411][559]LogSavePackage: Moving 'C:/Users/Efraim/Documents/Unreal Projects/MyProject3/Saved/HumanCommanderBF421CBB41D7D795DDD85E9DB94306B2.tmp' to 'C:/Users/Efraim/Documents/Unreal Projects/MyProject3/Content/A_RTS/Z_Others/Meshes/HumanCommander.uasset'
[2016.03.11-19.55.32:414][559]LogSavePackage: Total save time: 12.508254ms
[2016.03.11-19.55.32:414][559]LogSavePackage:Display: Finished SavePackage C:/Users/Efraim/Documents/Unreal Projects/MyProject3/Content/A_RTS/Z_Others/Meshes/HumanCommander.uasset
[2016.03.11-19.55.32:433][559]LogSavePackage: Save=10.100132ms
[2016.03.11-19.55.32:433][559]LogSavePackage: Moving 'C:/Users/Efraim/Documents/Unreal Projects/MyProject3/Saved/AlienCommander16A0BB7042E0587276025EB00EDC1F1D.tmp' to 'C:/Users/Efraim/Documents/Unreal Projects/MyProject3/Content/A_RTS/Blueprints/A_Units/A_Commanders/AlienCommander.uasset'
[2016.03.11-19.55.32:436][559]LogSavePackage: Total save time: 14.029533ms
[2016.03.11-19.55.32:436][559]LogSavePackage:Display: Finished SavePackage C:/Users/Efraim/Documents/Unreal Projects/MyProject3/Content/A_RTS/Blueprints/A_Units/A_Commanders/AlienCommander.uasset
[2016.03.11-19.55.32:455][559]LogSavePackage: Save=11.500808ms
[2016.03.11-19.55.32:455][559]LogSavePackage: Moving 'C:/Users/Efraim/Documents/Unreal Projects/MyProject3/Saved/HumanCommander718AE8AE403F851633521FB62D08682A.tmp' to 'C:/Users/Efraim/Documents/Unreal Projects/MyProject3/Content/A_RTS/Blueprints/A_Units/A_Commanders/HumanCommander.uasset'
[2016.03.11-19.55.32:458][559]LogSavePackage: Total save time: 15.760887ms
[2016.03.11-19.55.32:458][559]LogSavePackage:Display: Finished SavePackage C:/Users/Efraim/Documents/Unreal Projects/MyProject3/Content/A_RTS/Blueprints/A_Units/A_Commanders/HumanCommander.uasset
[2016.03.11-19.55.46:695][808]Cmd: OBJ SAVEPACKAGE PACKAGE="/Game/A_RTS/Map/Level1" FILE="C:/Users/Efraim/Documents/Unreal Projects/MyProject3/Content/A_RTS/Map/Level1.umap" SILENT=true AUTOSAVING=false KEEPDIRTY=false
[2016.03.11-19.55.46:741][808]LogSavePackage: Save=15.817019ms
[2016.03.11-19.55.46:741][808]LogSavePackage: Moving 'C:/Users/Efraim/Documents/Unreal Projects/MyProject3/Saved/Level1B209C1D54A1C98BB97D5C2B1BB3BD7D2.tmp' to 'C:/Users/Efraim/Documents/Unreal Projects/MyProject3/Content/A_RTS/Map/Level1.umap'
[2016.03.11-19.55.46:743][808]LogSavePackage: Total save time: 20.436648ms
[2016.03.11-19.55.46:743][808]LogSavePackage:Display: Finished SavePackage C:/Users/Efraim/Documents/Unreal Projects/MyProject3/Content/A_RTS/Map/Level1.umap
[2016.03.11-22.47.42:500][728]LogD3D11RHI: Timed out while waiting for GPU to catch up. (500 ms)
[2016.03.12-12.02.47:081][643]LogD3D11RHI: Timed out while waiting for GPU to catch up. (500 ms)
[2016.03.12-12.02.47:100][643]LogHttp:Warning: Timeout processing Http request. 000002B30BF25F00
[2016.03.12-13.30.02:756][405]LogParticles: Destroying 0 GPU particle simulations for FXSystem 0x000002B3203D1F80
[2016.03.12-13.30.02:772][405]LogParticles: Destroying 0 GPU particle simulations for FXSystem 0x000002B3453AC7C0
[2016.03.12-13.30.02:776][405]LogParticles: Destroying 0 GPU particle simulations for FXSystem 0x000002B3498AD120
[2016.03.12-13.30.02:776][405]LogFileHelpers: Editor autosave (incl. sublevels) for '/Game/A_RTS/Map/Level1' took 0.050
[2016.03.12-13.30.02:781][405]OBJ SavePackage: Generating thumbnails for [0] asset(s) in package [/Game/A_RTS/Blueprints/Logics/MyGameInstance] ([1] browsable assets)...
[2016.03.12-13.30.02:781][405]OBJ SavePackage: Finished generating thumbnails for package [/Game/A_RTS/Blueprints/Logics/MyGameInstance]
[2016.03.12-13.30.02:788][405]LogSavePackage: Save=3.132035ms
[2016.03.12-13.30.02:788][405]LogSavePackage: Moving 'C:/Users/Efraim/Documents/Unreal Projects/MyProject3/Saved/MyGameInstance_Auto9619F508345F4DB675517FFBD295EE560.tmp' to 'C:/Users/Efraim/Documents/Unreal Projects/MyProject3/Saved/Autosaves/Game/A_RTS/Blueprints/Logics/MyGameInstance_Auto9.uasset'
[2016.03.12-13.30.02:789][405]LogSavePackage: Total save time: 7.387947ms
[2016.03.12-13.30.02:789][405]LogSavePackage:Display: Finished SavePackage C:/Users/Efraim/Documents/Unreal Projects/MyProject3/Saved/Autosaves/Game/A_RTS/Blueprints/Logics/MyGameInstance_Auto9.uasset
[2016.03.12-13.30.02:789][405]LogFileHelpers: Auto-saving content packages took 0.012
[2016.03.12-13.34.38:756][812]BlueprintLog: New page: Compile MyGameInstance
[2016.03.12-13.34.38:859][812]BlueprintEditorCompileResults: Info [8389.28] Compile of MyGameInstance successful! [in 103 ms]
[2016.03.12-13.34.38:953][823]BlueprintLog: New page: Compile MyGameInstance
[2016.03.12-13.34.39:031][823]BlueprintEditorCompileResults: Info [8389.46] Compile of MyGameInstance successful! [in 78 ms]
[2016.03.12-13.35.33:862][185]BlueprintLog: New page: Compile MyGameInstance
[2016.03.12-13.35.33:916][185]BlueprintEditorCompileResults: Info [8444.34] Compile of MyGameInstance successful! [in 54 ms]
[2016.03.12-13.35.54:436][638]BlueprintLog: New page: Compile MyGameInstance
[2016.03.12-13.35.54:445][638]LogClass:Warning: Array Inner Type mismatch in FactionName of MyGameInstance_C - Previous (NameProperty) Current(StrProperty) for package:  FObjectReader
[2016.03.12-13.35.54:497][638]BlueprintEditorCompileResults: Info [8464.92] Compile of MyGameInstance successful! [in 61 ms]
[2016.03.12-13.36.01:360][453]BlueprintLog: New page: Compile MyGameInstance
[2016.03.12-13.36.01:362][453]LogClass:Warning: Array Inner Type mismatch in FactionName of MyGameInstance_C - Previous (StrProperty) Current(NameProperty) for package:  FObjectReader
[2016.03.12-13.36.01:414][453]BlueprintEditorCompileResults: Info [8471.84] Compile of MyGameInstance successful! [in 54 ms]
[2016.03.12-13.36.26:239][420]BlueprintLog: New page: Compile MyGameInstance
[2016.03.12-13.36.26:241][420]LogClass:Warning: Type mismatch in FactionName of MyGameInstance_C - Previous (ArrayProperty) Current(NameProperty) for package:  FObjectReader
[2016.03.12-13.36.26:294][420]BlueprintEditorCompileResults: Info [8496.72] Compile of MyGameInstance successful! [in 54 ms]
[2016.03.12-13.40.03:366][733]LogFileHelpers: Editor autosave (incl. sublevels) for '/Game/A_RTS/Map/Level1' took 0.024
[2016.03.12-13.40.03:370][733]OBJ SavePackage: Generating thumbnails for [0] asset(s) in package [/Game/A_RTS/Blueprints/Logics/MyGameInstance] ([1] browsable assets)...
[2016.03.12-13.40.03:370][733]OBJ SavePackage: Finished generating thumbnails for package [/Game/A_RTS/Blueprints/Logics/MyGameInstance]
[2016.03.12-13.40.03:377][733]LogSavePackage: Save=4.002847ms
[2016.03.12-13.40.03:377][733]LogSavePackage: Moving 'C:/Users/Efraim/Documents/Unreal Projects/MyProject3/Saved/MyGameInstance_Auto0FC0C311A47229A4A059902941152F05D.tmp' to 'C:/Users/Efraim/Documents/Unreal Projects/MyProject3/Saved/Autosaves/Game/A_RTS/Blueprints/Logics/MyGameInstance_Auto0.uasset'
[2016.03.12-13.40.03:379][733]LogSavePackage: Total save time: 7.463962ms
[2016.03.12-13.40.03:379][733]LogSavePackage:Display: Finished SavePackage C:/Users/Efraim/Documents/Unreal Projects/MyProject3/